<?xml version="1.0" encoding="UTF-8"?>
<!-- Generated by org.testng.reporters.JUnitXMLReporter -->
<testsuite hostname="mamka-pc" ignored="0" name="Default test" tests="1" failures="1" timestamp="07 I 2018 21:27:16 GMT" time="61.956" errors="0">
  <testcase name="nactiUvodniStranku" time="41.131" classname="cz.dvorak.mendelu.system.ait.webtestselenium.Mendelu.IsMendelu">
    <failure type="org.openqa.selenium.TimeoutException" message="Timed out after 15 seconds waiting for presence of element located by: By.xpath: //a[.//text()[contains(.,&amp;apos;Portál studenta&amp;apos;)]]
Build info: version: &amp;apos;2.47.1&amp;apos;, revision: &amp;apos;unknown&amp;apos;, time: &amp;apos;2015-07-30 11:02:44&amp;apos;
System info: host: &amp;apos;mamka-pc&amp;apos;, ip: &amp;apos;192.168.1.5&amp;apos;, os.name: &amp;apos;Windows 8.1&amp;apos;, os.arch: &amp;apos;amd64&amp;apos;, os.version: &amp;apos;6.3&amp;apos;, java.version: &amp;apos;1.7.0_71&amp;apos;
Session ID: f810594d3d828b8a7dd5b3961fe01404
Driver info: org.openqa.selenium.chrome.ChromeDriver
Capabilities [{platform=WIN8_1, acceptSslCerts=true, javascriptEnabled=true, browserName=chrome, chrome={userDataDir=C:\Users\Mirka\AppData\Local\Temp\scoped_dir51772_27616, chromedriverVersion=2.34.522940 (1a76f96f66e3ca7b8e57d503b4dd3bccfba87af1)}, networkConnectionEnabled=false, unexpectedAlertBehaviour=, rotatable=false, setWindowRect=true, locationContextEnabled=true, mobileEmulationEnabled=false, pageLoadStrategy=normal, version=63.0.3239.108, takesHeapSnapshot=true, cssSelectorsEnabled=true, databaseEnabled=false, handlesAlerts=true, browserConnectionEnabled=false, webStorageEnabled=true, nativeEvents=true, hasTouchScreen=false, applicationCacheEnabled=false, takesScreenshot=true}]">
      <![CDATA[org.openqa.selenium.TimeoutException: Timed out after 15 seconds waiting for presence of element located by: By.xpath: //a[.//text()[contains(.,'Portál studenta')]]Build info: version: '2.47.1', revision: 'unknown', time: '2015-07-30 11:02:44'System info: host: 'mamka-pc', ip: '192.168.1.5', os.name: 'Windows 8.1', os.arch: 'amd64', os.version: '6.3', java.version: '1.7.0_71'Session ID: f810594d3d828b8a7dd5b3961fe01404Driver info: org.openqa.selenium.chrome.ChromeDriverCapabilities [{platform=WIN8_1, acceptSslCerts=true, javascriptEnabled=true, browserName=chrome, chrome={userDataDir=C:\Users\Mirka\AppData\Local\Temp\scoped_dir51772_27616, chromedriverVersion=2.34.522940 (1a76f96f66e3ca7b8e57d503b4dd3bccfba87af1)}, networkConnectionEnabled=false, unexpectedAlertBehaviour=, rotatable=false, setWindowRect=true, locationContextEnabled=true, mobileEmulationEnabled=false, pageLoadStrategy=normal, version=63.0.3239.108, takesHeapSnapshot=true, cssSelectorsEnabled=true, databaseEnabled=false, handlesAlerts=true, browserConnectionEnabled=false, webStorageEnabled=true, nativeEvents=true, hasTouchScreen=false, applicationCacheEnabled=false, takesScreenshot=true}]at org.openqa.selenium.support.ui.WebDriverWait.timeoutException(WebDriverWait.java:80)at org.openqa.selenium.support.ui.FluentWait.until(FluentWait.java:229)at cz.dvorak.mendelu.system.ait.webtestselenium.CommonAit.najdiOdkazDleXPath(CommonAit.java:179)at cz.dvorak.mendelu.system.ait.webtestselenium.CommonAit.klikniNaOdkazsTextem(CommonAit.java:300)at cz.dvorak.mendelu.system.ait.webtestselenium.Mendelu.CommonAitMendelu.prihlaseni(CommonAitMendelu.java:14)at cz.dvorak.mendelu.system.ait.webtestselenium.Mendelu.IsMendelu.nactiUvodniStranku(IsMendelu.java:21)at sun.reflect.NativeMethodAccessorImpl.invoke0(Native Method)at sun.reflect.NativeMethodAccessorImpl.invoke(Unknown Source)at sun.reflect.DelegatingMethodAccessorImpl.invoke(Unknown Source)at java.lang.reflect.Method.invoke(Unknown Source)at org.testng.internal.MethodInvocationHelper.invokeMethod(MethodInvocationHelper.java:124)at org.testng.internal.Invoker.invokeMethod(Invoker.java:571)at org.testng.internal.Invoker.invokeTestMethod(Invoker.java:707)at org.testng.internal.Invoker.invokeTestMethods(Invoker.java:979)at org.testng.internal.TestMethodWorker.invokeTestMethods(TestMethodWorker.java:125)at org.testng.internal.TestMethodWorker.run(TestMethodWorker.java:109)at org.testng.TestRunner.privateRun(TestRunner.java:648)at org.testng.TestRunner.run(TestRunner.java:505)at org.testng.SuiteRunner.runTest(SuiteRunner.java:455)at org.testng.SuiteRunner.runSequentially(SuiteRunner.java:450)at org.testng.SuiteRunner.privateRun(SuiteRunner.java:415)at org.testng.SuiteRunner.run(SuiteRunner.java:364)at org.testng.SuiteRunnerWorker.runSuite(SuiteRunnerWorker.java:52)at org.testng.SuiteRunnerWorker.run(SuiteRunnerWorker.java:84)at org.testng.TestNG.runSuitesSequentially(TestNG.java:1187)at org.testng.TestNG.runSuitesLocally(TestNG.java:1116)at org.testng.TestNG.runSuites(TestNG.java:1028)at org.testng.TestNG.run(TestNG.java:996)at org.testng.remote.AbstractRemoteTestNG.run(AbstractRemoteTestNG.java:114)at org.testng.remote.RemoteTestNG.initAndRun(RemoteTestNG.java:251)at org.testng.remote.RemoteTestNG.main(RemoteTestNG.java:77)Caused by: org.openqa.selenium.NoSuchElementException: no such element: Unable to locate element: {"method":"xpath","selector":"//a[.//text()[contains(.,'Portál studenta')]]"}  (Session info: chrome=63.0.3239.108)  (Driver info: chromedriver=2.34.522940 (1a76f96f66e3ca7b8e57d503b4dd3bccfba87af1),platform=Windows NT 10.0.15063 x86_64) (WARNING: The server did not provide any stacktrace information)Command duration or timeout: 546 millisecondsFor documentation on this error, please visit: http://seleniumhq.org/exceptions/no_such_element.htmlBuild info: version: '2.47.1', revision: 'unknown', time: '2015-07-30 11:02:44'System info: host: 'mamka-pc', ip: '192.168.1.5', os.name: 'Windows 8.1', os.arch: 'amd64', os.version: '6.3', java.version: '1.7.0_71'*** Element info: {Using=xpath, value=//a[.//text()[contains(.,'Portál studenta')]]}Session ID: f810594d3d828b8a7dd5b3961fe01404Driver info: org.openqa.selenium.chrome.ChromeDriverCapabilities [{platform=WIN8_1, acceptSslCerts=true, javascriptEnabled=true, browserName=chrome, chrome={userDataDir=C:\Users\Mirka\AppData\Local\Temp\scoped_dir51772_27616, chromedriverVersion=2.34.522940 (1a76f96f66e3ca7b8e57d503b4dd3bccfba87af1)}, networkConnectionEnabled=false, unexpectedAlertBehaviour=, rotatable=false, setWindowRect=true, locationContextEnabled=true, mobileEmulationEnabled=false, pageLoadStrategy=normal, version=63.0.3239.108, takesHeapSnapshot=true, cssSelectorsEnabled=true, databaseEnabled=false, handlesAlerts=true, browserConnectionEnabled=false, webStorageEnabled=true, nativeEvents=true, hasTouchScreen=false, applicationCacheEnabled=false, takesScreenshot=true}]at sun.reflect.NativeConstructorAccessorImpl.newInstance0(Native Method)at sun.reflect.NativeConstructorAccessorImpl.newInstance(Unknown Source)at sun.reflect.DelegatingConstructorAccessorImpl.newInstance(Unknown Source)at java.lang.reflect.Constructor.newInstance(Unknown Source)at org.openqa.selenium.remote.ErrorHandler.createThrowable(ErrorHandler.java:206)at org.openqa.selenium.remote.ErrorHandler.throwIfResponseFailed(ErrorHandler.java:158)at org.openqa.selenium.remote.RemoteWebDriver.execute(RemoteWebDriver.java:595)at org.openqa.selenium.remote.RemoteWebDriver.findElement(RemoteWebDriver.java:348)at org.openqa.selenium.remote.RemoteWebDriver.findElementByXPath(RemoteWebDriver.java:445)at org.openqa.selenium.By$ByXPath.findElement(By.java:358)at org.openqa.selenium.remote.RemoteWebDriver.findElement(RemoteWebDriver.java:340)at org.openqa.selenium.support.ui.ExpectedConditions.findElement(ExpectedConditions.java:861)at org.openqa.selenium.support.ui.ExpectedConditions.access$000(ExpectedConditions.java:41)at org.openqa.selenium.support.ui.ExpectedConditions$6.apply(ExpectedConditions.java:181)at org.openqa.selenium.support.ui.ExpectedConditions$6.apply(ExpectedConditions.java:178)at org.openqa.selenium.support.ui.FluentWait.until(FluentWait.java:209)... 29 more]]>
    </failure>
  </testcase> <!-- nactiUvodniStranku -->
</testsuite> <!-- Default test -->
