<?xml version="1.0" encoding="UTF-8"?>
<testng-results skipped="0" failed="0" ignored="0" total="1" passed="1">
  <reporter-output>
  </reporter-output>
  <suite name="Default suite" duration-ms="44579" started-at="2018-01-08T21:55:38Z" finished-at="2018-01-08T21:56:22Z">
    <groups>
    </groups>
    <test name="Default test" duration-ms="44579" started-at="2018-01-08T21:55:38Z" finished-at="2018-01-08T21:56:22Z">
      <class name="cz.dvorak.mendelu.system.ait.webtestselenium.Mendelu.IsMendelu">
        <test-method status="PASS" signature="setUp()[pri:0, instance:cz.dvorak.mendelu.system.ait.webtestselenium.Mendelu.IsMendelu@58edf2e2]" name="setUp" is-config="true" duration-ms="9000" started-at="2018-01-08T22:55:38Z" finished-at="2018-01-08T22:55:47Z">
          <reporter-output>
          </reporter-output>
        </test-method> <!-- setUp -->
        <test-method status="PASS" signature="nactiUvodniStranku()[pri:0, instance:cz.dvorak.mendelu.system.ait.webtestselenium.Mendelu.IsMendelu@58edf2e2]" name="nactiUvodniStranku" duration-ms="32717" started-at="2018-01-08T22:55:47Z" finished-at="2018-01-08T22:56:20Z">
          <reporter-output>
          </reporter-output>
        </test-method> <!-- nactiUvodniStranku -->
        <test-method status="PASS" signature="tearDown()[pri:0, instance:cz.dvorak.mendelu.system.ait.webtestselenium.Mendelu.IsMendelu@58edf2e2]" name="tearDown" is-config="true" duration-ms="2630" started-at="2018-01-08T22:56:20Z" finished-at="2018-01-08T22:56:22Z">
          <reporter-output>
          </reporter-output>
        </test-method> <!-- tearDown -->
      </class> <!-- cz.dvorak.mendelu.system.ait.webtestselenium.Mendelu.IsMendelu -->
    </test> <!-- Default test -->
  </suite> <!-- Default suite -->
</testng-results>
